{"meta": {"format": 3, "version": "7.14.1", "timestamp": "2026-06-01T20:29:22.795936", "branch_coverage": false, "show_contexts": false}, "files": {"src/mcp_stdio/__init__.py": {"executed_lines": [4], "summary": {"covered_lines": 1, "num_statements": 1, "percent_covered": 100.0, "percent_covered_display": "100", "missing_lines": 0, "excluded_lines": 0, "percent_statements_covered": 100.0, "percent_statements_covered_display": "100"}, "missing_lines": [], "excluded_lines": [], "functions": {"": {"executed_lines": [4], "summary": {"covered_lines": 1, "num_statements": 1, "percent_covered": 100.0, "percent_covered_display": "100", "missing_lines": 0, "excluded_lines": 0, "percent_statements_covered": 100.0, "percent_statements_covered_display": "100"}, "missing_lines": [], "excluded_lines": [], "start_line": 1}}, "classes": {"": {"executed_lines": [4], "summary": {"covered_lines": 1, "num_statements": 1, "percent_covered": 100.0, "percent_covered_display": "100", "missing_lines": 0, "excluded_lines": 0, "percent_statements_covered": 100.0, "percent_statements_covered_display": "100"}, "missing_lines": [], "excluded_lines": [], "start_line": 1}}}, "src/mcp_stdio/__main__.py": {"executed_lines": [], "summary": {"covered_lines": 0, "num_statements": 2, "percent_covered": 0.0, "percent_covered_display": "0", "missing_lines": 2, "excluded_lines": 0, "percent_statements_covered": 0.0, "percent_statements_covered_display": "0"}, "missing_lines": [3, 5], "excluded_lines": [], "functions": {"": {"executed_lines": [], "summary": {"covered_lines": 0, "num_statements": 2, "percent_covered": 0.0, "percent_covered_display": "0", "missing_lines": 2, "excluded_lines": 0, "percent_statements_covered": 0.0, "percent_statements_covered_display": "0"}, "missing_lines": [3, 5], "excluded_lines": [], "start_line": 1}}, "classes": {"": {"executed_lines": [], "summary": {"covered_lines": 0, "num_statements": 2, "percent_covered": 0.0, "percent_covered_display": "0", "missing_lines": 2, "excluded_lines": 0, "percent_statements_covered": 0.0, "percent_statements_covered_display": "0"}, "missing_lines": [3, 5], "excluded_lines": [], "start_line": 1}}}, "src/mcp_stdio/cli.py": {"executed_lines": [3, 5, 6, 7, 8, 9, 11, 13, 14, 16, 18, 19, 20, 21, 22, 23, 24, 27, 36, 37, 38, 39, 45, 50, 53, 62, 63, 66, 69, 76, 77, 81, 82, 83, 84, 85, 86, 91, 92, 93, 94, 99, 100, 103, 115, 116, 118, 129, 130, 131, 132, 133, 134, 135, 136, 142, 143, 145, 147, 150, 163, 164, 166, 177, 178, 179, 180, 181, 182, 183, 185, 186, 188, 191, 193, 198, 202, 207, 212, 221, 229, 234, 245, 265, 274, 280, 290, 296, 312, 324, 338, 349, 360, 367, 373, 380, 381, 392, 393, 394, 398, 403, 416, 421, 429, 430, 435, 436, 441, 444, 448, 449, 450, 451, 456, 457, 458, 461, 462, 463, 470, 472, 486, 487, 499, 500, 504, 509, 510, 511, 512, 515, 518, 519, 523, 524, 527, 530, 531, 532, 534, 536, 537, 542, 544, 545, 552, 557, 558, 559, 560, 561, 574], "summary": {"covered_lines": 153, "num_statements": 153, "percent_covered": 100.0, "percent_covered_display": "100", "missing_lines": 0, "excluded_lines": 0, "percent_statements_covered": 100.0, "percent_statements_covered_display": "100"}, "missing_lines": [], "excluded_lines": [], "functions": {"_non_negative_float": {"executed_lines": [18, 19, 20, 21, 22, 23, 24], "summary": {"covered_lines": 7, "num_statements": 7, "percent_covered": 100.0, "percent_covered_display": "100", "missing_lines": 0, "excluded_lines": 0, "percent_statements_covered": 100.0, "percent_statements_covered_display": "100"}, "missing_lines": [], "excluded_lines": [], "start_line": 16}, "_positive_float": {"executed_lines": [36, 37, 38, 39], "summary": {"covered_lines": 4, "num_statements": 4, "percent_covered": 100.0, "percent_covered_display": "100", "missing_lines": 0, "excluded_lines": 0, "percent_statements_covered": 100.0, "percent_statements_covered_display": "100"}, "missing_lines": [], "excluded_lines": [], "start_line": 27}, "_bearer_header_value": {"executed_lines": [62, 63, 66], "summary": {"covered_lines": 3, "num_statements": 3, "percent_covered": 100.0, "percent_covered_display": "100", "missing_lines": 0, "excluded_lines": 0, "percent_statements_covered": 100.0, "percent_statements_covered_display": "100"}, "missing_lines": [], "excluded_lines": [], "start_line": 53}, "_parse_header": {"executed_lines": [76, 77, 81, 82, 83, 84, 85, 86, 91, 92, 93, 94, 99, 100], "summary": {"covered_lines": 14, "num_statements": 14, "percent_covered": 100.0, "percent_covered_display": "100", "missing_lines": 0, "excluded_lines": 0, "percent_statements_covered": 100.0, "percent_statements_covered_display": "100"}, "missing_lines": [], "excluded_lines": [], "start_line": 69}, "_build_token_refresher": {"executed_lines": [115, 147], "summary": {"covered_lines": 2, "num_statements": 2, "percent_covered": 100.0, "percent_covered_display": "100", "missing_lines": 0, "excluded_lines": 0, "percent_statements_covered": 100.0, "percent_statements_covered_display": "100"}, "missing_lines": [], "excluded_lines": [], "start_line": 103}, "_build_token_refresher.refresher": {"executed_lines": [116, 118, 129, 130, 131, 132, 133, 134, 135, 136, 142, 143, 145], "summary": {"covered_lines": 13, "num_statements": 13, "percent_covered": 100.0, "percent_covered_display": "100", "missing_lines": 0, "excluded_lines": 0, "percent_statements_covered": 100.0, "percent_statements_covered_display": "100"}, "missing_lines": [], "excluded_lines": [], "start_line": 115}, "_build_scope_upgrader": {"executed_lines": [163, 188], "summary": {"covered_lines": 2, "num_statements": 2, "percent_covered": 100.0, "percent_covered_display": "100", "missing_lines": 0, "excluded_lines": 0, "percent_statements_covered": 100.0, "percent_statements_covered_display": "100"}, "missing_lines": [], "excluded_lines": [], "start_line": 150}, "_build_scope_upgrader.upgrader": {"executed_lines": [164, 166, 177, 178, 179, 180, 181, 182, 183, 185, 186], "summary": {"covered_lines": 11, "num_statements": 11, "percent_covered": 100.0, "percent_covered_display": "100", "missing_lines": 0, "excluded_lines": 0, "percent_statements_covered": 100.0, "percent_statements_covered_display": "100"}, "missing_lines": [], "excluded_lines": [], "start_line": 163}, "main": {"executed_lines": [193, 198, 202, 207, 212, 221, 229, 234, 245, 265, 274, 280, 290, 296, 312, 324, 338, 349, 360, 367, 373, 380, 381, 392, 393, 394, 398, 403, 416, 421, 429, 430, 435, 436, 441, 444, 448, 449, 450, 451, 456, 457, 458, 461, 462, 463, 470, 472, 486, 487, 499, 500, 504, 509, 510, 511, 512, 515, 518, 519, 523, 524, 527, 530, 531, 532, 534, 536, 537, 542, 544, 545, 552, 557, 558, 559, 560, 561, 574], "summary": {"covered_lines": 79, "num_statements": 79, "percent_covered": 100.0, "percent_covered_display": "100", "missing_lines": 0, "excluded_lines": 0, "percent_statements_covered": 100.0, "percent_statements_covered_display": "100"}, "missing_lines": [], "excluded_lines": [], "start_line": 191}, "": {"executed_lines": [3, 5, 6, 7, 8, 9, 11, 13, 14, 16, 27, 45, 50, 53, 69, 103, 150, 191], "summary": {"covered_lines": 18, "num_statements": 18, "percent_covered": 100.0, "percent_covered_display": "100", "missing_lines": 0, "excluded_lines": 0, "percent_statements_covered": 100.0, "percent_statements_covered_display": "100"}, "missing_lines": [], "excluded_lines": [], "start_line": 1}}, "classes": {"": {"executed_lines": [3, 5, 6, 7, 8, 9, 11, 13, 14, 16, 18, 19, 20, 21, 22, 23, 24, 27, 36, 37, 38, 39, 45, 50, 53, 62, 63, 66, 69, 76, 77, 81, 82, 83, 84, 85, 86, 91, 92, 93, 94, 99, 100, 103, 115, 116, 118, 129, 130, 131, 132, 133, 134, 135, 136, 142, 143, 145, 147, 150, 163, 164, 166, 177, 178, 179, 180, 181, 182, 183, 185, 186, 188, 191, 193, 198, 202, 207, 212, 221, 229, 234, 245, 265, 274, 280, 290, 296, 312, 324, 338, 349, 360, 367, 373, 380, 381, 392, 393, 394, 398, 403, 416, 421, 429, 430, 435, 436, 441, 444, 448, 449, 450, 451, 456, 457, 458, 461, 462, 463, 470, 472, 486, 487, 499, 500, 504, 509, 510, 511, 512, 515, 518, 519, 523, 524, 527, 530, 531, 532, 534, 536, 537, 542, 544, 545, 552, 557, 558, 559, 560, 561, 574], "summary": {"covered_lines": 153, "num_statements": 153, "percent_covered": 100.0, "percent_covered_display": "100", "missing_lines": 0, "excluded_lines": 0, "percent_statements_covered": 100.0, "percent_statements_covered_display": "100"}, "missing_lines": [], "excluded_lines": [], "start_line": 1}}}, "src/mcp_stdio/oauth.py": {"executed_lines": [3, 5, 6, 7, 8, 9, 10, 11, 12, 13, 14, 15, 16, 17, 18, 20, 22, 23, 33, 41, 44, 46, 47, 48, 49, 57, 60, 66, 67, 70, 71, 74, 75, 76, 77, 78, 81, 84, 92, 110, 111, 116, 120, 122, 123, 124, 125, 128, 129, 136, 139, 148, 149, 150, 151, 152, 153, 154, 155, 156, 159, 168, 169, 170, 171, 172, 175, 195, 196, 204, 205, 209, 211, 217, 222, 224, 225, 230, 232, 233, 238, 245, 248, 249, 252, 259, 260, 261, 262, 263, 264, 265, 266, 267, 270, 280, 281, 286, 287, 288, 290, 295, 299, 301, 302, 306, 308, 309, 314, 320, 323, 337, 338, 339, 340, 344, 348, 349, 350, 351, 355, 356, 357, 362, 363, 366, 380, 381, 382, 383, 387, 388, 389, 391, 392, 395, 398, 401, 409, 417, 418, 419, 420, 421, 422, 427, 428, 429, 433, 436, 442, 469, 470, 471, 474, 492, 497, 498, 499, 500, 501, 502, 510, 513, 514, 515, 516, 517, 519, 520, 521, 522, 523, 524, 525, 526, 527, 528, 529, 541, 542, 543, 547, 548, 549, 554, 555, 558, 559, 560, 561, 562, 563, 569, 570, 571, 585, 586, 587, 588, 595, 596, 597, 598, 601, 608, 616, 619, 622, 627, 649, 652, 660, 661, 662, 663, 664, 665, 670, 673, 674, 677, 678, 679, 680, 683, 685, 686, 687, 690, 704, 705, 710, 713, 714, 720, 727, 731, 732, 736, 737, 742, 743, 744, 745, 746, 749, 750, 751, 754, 767, 776, 777, 778, 779, 787, 788, 791, 792, 793, 794, 797, 806, 807, 813, 814, 815, 816, 817, 819, 825, 826, 827, 828, 829, 832, 834, 835, 836, 837, 838, 839, 841, 842, 843, 845, 846, 847, 848, 849, 856, 860, 862, 863, 865, 868, 877, 878, 879, 882, 888, 890, 891, 892, 898, 899, 900, 908, 909, 910, 911, 912, 916, 917, 920, 943, 949, 953, 958, 961, 963, 964, 965, 966, 967, 969, 974, 977, 995, 999, 1003, 1004, 1007, 1009, 1010, 1011, 1012, 1013, 1015, 1020, 1028, 1049, 1053, 1055, 1056, 1060, 1061, 1062, 1063, 1069, 1070, 1071, 1072, 1082, 1083, 1084, 1090, 1095, 1117, 1129, 1130, 1136, 1137, 1138, 1139, 1140, 1141, 1142, 1143, 1144, 1153, 1154, 1155, 1156, 1169, 1180, 1181, 1182, 1185, 1203, 1204, 1206, 1213, 1214, 1215, 1217, 1218, 1219, 1220, 1221, 1222, 1223, 1224, 1225, 1226, 1228, 1231, 1232, 1233, 1234, 1235, 1236, 1237, 1238, 1239, 1240, 1241, 1248, 1249, 1250, 1253, 1254, 1262, 1263, 1264, 1265, 1267, 1275, 1279, 1281, 1283, 1284, 1285, 1287, 1288, 1290, 1291, 1292, 1293, 1297, 1299, 1300, 1302, 1303, 1310, 1311, 1326, 1327, 1332, 1337, 1341, 1342, 1345, 1346, 1357, 1372, 1373, 1374, 1377, 1393, 1394, 1400, 1401, 1402, 1403, 1404, 1405, 1406, 1407, 1408, 1409, 1410, 1411, 1412, 1413, 1414, 1415, 1416, 1417, 1419, 1423, 1427, 1428, 1429, 1430, 1431, 1432, 1436, 1437, 1440, 1442, 1443, 1444, 1446, 1451, 1452, 1456, 1457, 1458, 1459, 1469, 1473, 1474, 1478, 1487, 1494, 1497, 1498, 1499, 1501, 1507, 1508, 1512, 1514, 1517, 1519, 1520, 1524, 1528, 1529, 1532, 1543, 1544, 1545, 1547, 1548, 1553, 1554, 1555, 1556, 1558, 1559, 1560, 1573, 1574, 1575, 1577, 1578, 1579, 1580, 1584, 1585, 1586, 1588, 1589, 1590, 1592, 1594, 1596, 1601, 1632, 1633, 1634, 1635, 1636, 1639, 1640, 1641, 1642, 1646, 1648, 1653, 1654, 1655, 1656, 1665, 1677, 1685, 1690, 1691, 1697, 1698, 1699, 1700, 1701, 1704, 1722, 1724, 1725, 1726, 1727, 1728, 1729, 1731, 1732, 1753, 1754, 1758, 1759], "summary": {"covered_lines": 579, "num_statements": 600, "percent_covered": 96.5, "percent_covered_display": "96", "missing_lines": 21, "excluded_lines": 0, "percent_statements_covered": 96.5, "percent_statements_covered_display": "96"}, "missing_lines": [126, 127, 197, 198, 202, 282, 283, 284, 341, 342, 343, 390, 393, 394, 397, 623, 1242, 1343, 1424, 1581, 1582], "excluded_lines": [], "functions": {"_safe_int": {"executed_lines": [46, 47, 48, 49], "summary": {"covered_lines": 4, "num_statements": 4, "percent_covered": 100.0, "percent_covered_display": "100", "missing_lines": 0, "excluded_lines": 0, "percent_statements_covered": 100.0, "percent_statements_covered_display": "100"}, "missing_lines": [], "excluded_lines": [], "start_line": 44}, "_sanitize_oauth_error": {"executed_lines": [66, 67], "summary": {"covered_lines": 2, "num_statements": 2, "percent_covered": 100.0, "percent_covered_display": "100", "missing_lines": 0, "excluded_lines": 0, "percent_statements_covered": 100.0, "percent_statements_covered_display": "100"}, "missing_lines": [], "excluded_lines": [], "start_line": 60}, "_authorization_base_url": {"executed_lines": [110, 111, 116, 120, 122, 123, 124, 125, 128, 129], "summary": {"covered_lines": 10, "num_statements": 12, "percent_covered": 83.33333333333333, "percent_covered_display": "83", "missing_lines": 2, "excluded_lines": 0, "percent_statements_covered": 83.33333333333333, "percent_statements_covered_display": "83"}, "missing_lines": [126, 127], "excluded_lines": [], "start_line": 92}, "_is_loopback": {"executed_lines": [148, 149, 150, 151, 152, 153, 154, 155, 156], "summary": {"covered_lines": 9, "num_statements": 9, "percent_covered": 100.0, "percent_covered_display": "100", "missing_lines": 0, "excluded_lines": 0, "percent_statements_covered": 100.0, "percent_statements_covered_display": "100"}, "missing_lines": [], "excluded_lines": [], "start_line": 139}, "_origin": {"executed_lines": [168, 169, 170, 171, 172], "summary": {"covered_lines": 5, "num_statements": 5, "percent_covered": 100.0, "percent_covered_display": "100", "missing_lines": 0, "excluded_lines": 0, "percent_statements_covered": 100.0, "percent_statements_covered_display": "100"}, "missing_lines": [], "excluded_lines": [], "start_line": 159}, "_validate_auth_server_url": {"executed_lines": [195, 196, 204, 205, 209, 211, 217, 222, 224, 225, 230, 232, 233, 238, 245], "summary": {"covered_lines": 15, "num_statements": 18, "percent_covered": 83.33333333333333, "percent_covered_display": "83", "missing_lines": 3, "excluded_lines": 0, "percent_statements_covered": 83.33333333333333, "percent_statements_covered_display": "83"}, "missing_lines": [197, 198, 202], "excluded_lines": [], "start_line": 175}, "_parse_resource_metadata_hint": {"executed_lines": [259, 260, 261, 262, 263, 264, 265, 266, 267], "summary": {"covered_lines": 9, "num_statements": 9, "percent_covered": 100.0, "percent_covered_display": "100", "missing_lines": 0, "excluded_lines": 0, "percent_statements_covered": 100.0, "percent_statements_covered_display": "100"}, "missing_lines": [], "excluded_lines": [], "start_line": 252}, "_validate_prm_hint_url": {"executed_lines": [280, 281, 286, 287, 288, 290, 295, 299, 301, 302, 306, 308, 309, 314, 320], "summary": {"covered_lines": 15, "num_statements": 18, "percent_covered": 83.33333333333333, "percent_covered_display": "83", "missing_lines": 3, "excluded_lines": 0, "percent_statements_covered": 83.33333333333333, "percent_statements_covered_display": "83"}, "missing_lines": [282, 283, 284], "excluded_lines": [], "start_line": 270}, "_validate_endpoint_url": {"executed_lines": [337, 338, 339, 340, 344, 348, 349, 350, 351, 355, 356, 357, 362, 363], "summary": {"covered_lines": 14, "num_statements": 17, "percent_covered": 82.3529411764706, "percent_covered_display": "82", "missing_lines": 3, "excluded_lines": 0, "percent_statements_covered": 82.3529411764706, "percent_statements_covered_display": "82"}, "missing_lines": [341, 342, 343], "excluded_lines": [], "start_line": 323}, "_build_well_known_url": {"executed_lines": [380, 381, 382, 383, 387, 388, 389, 391, 392, 395, 398], "summary": {"covered_lines": 11, "num_statements": 15, "percent_covered": 73.33333333333333, "percent_covered_display": "73", "missing_lines": 4, "excluded_lines": 0, "percent_statements_covered": 73.33333333333333, "percent_statements_covered_display": "73"}, "missing_lines": [390, 393, 394, 397], "excluded_lines": [], "start_line": 366}, "_fetch_authorization_server_metadata": {"executed_lines": [409, 417, 418, 419, 420, 421, 422, 427, 428, 429, 433, 436, 442, 469, 470, 471], "summary": {"covered_lines": 16, "num_statements": 16, "percent_covered": 100.0, "percent_covered_display": "100", "missing_lines": 0, "excluded_lines": 0, "percent_statements_covered": 100.0, "percent_statements_covered_display": "100"}, "missing_lines": [], "excluded_lines": [], "start_line": 401}, "discover_oauth_metadata": {"executed_lines": [492, 497, 498, 499, 500, 501, 502, 510, 513, 514, 515, 516, 517, 519, 520, 521, 522, 523, 524, 525, 526, 527, 528, 529, 541, 542, 543, 547, 548, 549, 554, 555, 558, 559, 560, 561, 562, 563, 569, 570, 571, 585, 586, 587, 588, 595, 596, 597, 598, 601, 608, 616, 619, 622, 627], "summary": {"covered_lines": 55, "num_statements": 56, "percent_covered": 98.21428571428571, "percent_covered_display": "98", "missing_lines": 1, "excluded_lines": 0, "percent_statements_covered": 98.21428571428571, "percent_statements_covered_display": "98"}, "missing_lines": [623], "excluded_lines": [], "start_line": 474}, "_pick_token_endpoint_auth_method": {"executed_lines": [660, 661, 662, 663, 664, 665, 670], "summary": {"covered_lines": 7, "num_statements": 7, "percent_covered": 100.0, "percent_covered_display": "100", "missing_lines": 0, "excluded_lines": 0, "percent_statements_covered": 100.0, "percent_statements_covered_display": "100"}, "missing_lines": [], "excluded_lines": [], "start_line": 652}, "_is_client_secret_expired": {"executed_lines": [685, 686, 687], "summary": {"covered_lines": 3, "num_statements": 3, "percent_covered": 100.0, "percent_covered_display": "100", "missing_lines": 0, "excluded_lines": 0, "percent_statements_covered": 100.0, "percent_statements_covered_display": "100"}, "missing_lines": [], "excluded_lines": [], "start_line": 683}, "register_client": {"executed_lines": [704, 705, 710, 713, 714, 720, 727, 731, 732, 736, 737, 742, 743, 744, 745, 746, 749, 750, 751, 754], "summary": {"covered_lines": 20, "num_statements": 20, "percent_covered": 100.0, "percent_covered_display": "100", "missing_lines": 0, "excluded_lines": 0, "percent_statements_covered": 100.0, "percent_statements_covered_display": "100"}, "missing_lines": [], "excluded_lines": [], "start_line": 690}, "generate_pkce": {"executed_lines": [776, 777, 778, 779], "summary": {"covered_lines": 4, "num_statements": 4, "percent_covered": 100.0, "percent_covered_display": "100", "missing_lines": 0, "excluded_lines": 0, "percent_statements_covered": 100.0, "percent_statements_covered_display": "100"}, "missing_lines": [], "excluded_lines": [], "start_line": 767}, "_make_callback_handler": {"executed_lines": [806, 807, 862, 865], "summary": {"covered_lines": 4, "num_statements": 4, "percent_covered": 100.0, "percent_covered_display": "100", "missing_lines": 0, "excluded_lines": 0, "percent_statements_covered": 100.0, "percent_statements_covered_display": "100"}, "missing_lines": [], "excluded_lines": [], "start_line": 797}, "_make_callback_handler.Handler.do_GET": {"executed_lines": [813, 814, 815, 816, 817, 819, 825, 826, 827, 828, 829, 832, 834, 835, 836, 837, 838, 839, 841, 842, 843, 845, 846, 847, 848, 849, 856, 860], "summary": {"covered_lines": 28, "num_statements": 28, "percent_covered": 100.0, "percent_covered_display": "100", "missing_lines": 0, "excluded_lines": 0, "percent_statements_covered": 100.0, "percent_statements_covered_display": "100"}, "missing_lines": [], "excluded_lines": [], "start_line": 807}, "_make_callback_handler.Handler.log_message": {"executed_lines": [863], "summary": {"covered_lines": 1, "num_statements": 1, "percent_covered": 100.0, "percent_covered_display": "100", "missing_lines": 0, "excluded_lines": 0, "percent_statements_covered": 100.0, "percent_statements_covered_display": "100"}, "missing_lines": [], "excluded_lines": [], "start_line": 862}, "_raise_for_body_error": {"executed_lines": [877, 878, 879], "summary": {"covered_lines": 3, "num_statements": 3, "percent_covered": 100.0, "percent_covered_display": "100", "missing_lines": 0, "excluded_lines": 0, "percent_statements_covered": 100.0, "percent_statements_covered_display": "100"}, "missing_lines": [], "excluded_lines": [], "start_line": 868}, "_parse_token_response": {"executed_lines": [888, 890, 891, 892, 898, 899, 900, 908, 909, 910, 911, 912, 916, 917], "summary": {"covered_lines": 14, "num_statements": 14, "percent_covered": 100.0, "percent_covered_display": "100", "missing_lines": 0, "excluded_lines": 0, "percent_statements_covered": 100.0, "percent_statements_covered_display": "100"}, "missing_lines": [], "excluded_lines": [], "start_line": 882}, "exchange_code": {"executed_lines": [943, 949, 953, 958, 961, 963, 964, 965, 966, 967, 969, 974], "summary": {"covered_lines": 12, "num_statements": 12, "percent_covered": 100.0, "percent_covered_display": "100", "missing_lines": 0, "excluded_lines": 0, "percent_statements_covered": 100.0, "percent_statements_covered_display": "100"}, "missing_lines": [], "excluded_lines": [], "start_line": 920}, "refresh_access_token": {"executed_lines": [995, 999, 1003, 1004, 1007, 1009, 1010, 1011, 1012, 1013, 1015, 1020], "summary": {"covered_lines": 12, "num_statements": 12, "percent_covered": 100.0, "percent_covered_display": "100", "missing_lines": 0, "excluded_lines": 0, "percent_statements_covered": 100.0, "percent_statements_covered_display": "100"}, "missing_lines": [], "excluded_lines": [], "start_line": 977}, "_token_response_to_data": {"executed_lines": [1049, 1053, 1055, 1056, 1060, 1061, 1062, 1063, 1069, 1070, 1071, 1072, 1082, 1083, 1084, 1090, 1095], "summary": {"covered_lines": 17, "num_statements": 17, "percent_covered": 100.0, "percent_covered_display": "100", "missing_lines": 0, "excluded_lines": 0, "percent_statements_covered": 100.0, "percent_statements_covered_display": "100"}, "missing_lines": [], "excluded_lines": [], "start_line": 1028}, "refresh_cached_token": {"executed_lines": [1129, 1130, 1136, 1137, 1138, 1139, 1140, 1141, 1142, 1143, 1144, 1153, 1154, 1155, 1156, 1169, 1180, 1181, 1182], "summary": {"covered_lines": 19, "num_statements": 19, "percent_covered": 100.0, "percent_covered_display": "100", "missing_lines": 0, "excluded_lines": 0, "percent_statements_covered": 100.0, "percent_statements_covered_display": "100"}, "missing_lines": [], "excluded_lines": [], "start_line": 1117}, "_run_authorization_flow": {"executed_lines": [1203, 1204, 1206, 1213, 1214, 1215, 1217, 1218, 1219, 1220, 1221, 1222, 1223, 1224, 1225, 1226, 1228, 1231, 1232, 1233, 1234, 1235, 1236, 1237, 1238, 1239, 1240, 1241, 1248, 1249, 1250, 1253, 1254, 1262, 1263, 1264, 1265, 1267, 1275, 1279, 1281, 1283, 1287, 1288, 1290, 1291, 1292, 1293, 1297, 1299, 1300, 1302, 1303, 1310, 1311, 1326, 1327, 1332, 1337, 1341, 1342, 1345, 1346, 1357, 1372, 1373, 1374], "summary": {"covered_lines": 67, "num_statements": 69, "percent_covered": 97.10144927536231, "percent_covered_display": "97", "missing_lines": 2, "excluded_lines": 0, "percent_statements_covered": 97.10144927536231, "percent_statements_covered_display": "97"}, "missing_lines": [1242, 1343], "excluded_lines": [], "start_line": 1185}, "_run_authorization_flow.serve": {"executed_lines": [1284, 1285], "summary": {"covered_lines": 2, "num_statements": 2, "percent_covered": 100.0, "percent_covered_display": "100", "missing_lines": 0, "excluded_lines": 0, "percent_statements_covered": 100.0, "percent_statements_covered_display": "100"}, "missing_lines": [], "excluded_lines": [], "start_line": 1283}, "_run_device_authorization_flow": {"executed_lines": [1393, 1394, 1400, 1401, 1402, 1403, 1404, 1405, 1406, 1407, 1408, 1409, 1410, 1411, 1412, 1413, 1414, 1415, 1416, 1417, 1419, 1423, 1427, 1428, 1429, 1430, 1431, 1432, 1436, 1437, 1440, 1442, 1443, 1444, 1446, 1451, 1452, 1456, 1457, 1458, 1459, 1469, 1473, 1474, 1478, 1487, 1494, 1497, 1498, 1499, 1501, 1507, 1508, 1512, 1514, 1519, 1520, 1524, 1528, 1529, 1532, 1543, 1544, 1545, 1547, 1548, 1553, 1554, 1555, 1556, 1558, 1559, 1560, 1573, 1574, 1575, 1577, 1578, 1579, 1580, 1584, 1585, 1586, 1588, 1589, 1590, 1592, 1594, 1596], "summary": {"covered_lines": 89, "num_statements": 92, "percent_covered": 96.73913043478261, "percent_covered_display": "97", "missing_lines": 3, "excluded_lines": 0, "percent_statements_covered": 96.73913043478261, "percent_statements_covered_display": "97"}, "missing_lines": [1424, 1581, 1582], "excluded_lines": [], "start_line": 1377}, "_run_device_authorization_flow._poll_sleep": {"executed_lines": [1517], "summary": {"covered_lines": 1, "num_statements": 1, "percent_covered": 100.0, "percent_covered_display": "100", "missing_lines": 0, "excluded_lines": 0, "percent_statements_covered": 100.0, "percent_statements_covered_display": "100"}, "missing_lines": [], "excluded_lines": [], "start_line": 1514}, "ensure_token": {"executed_lines": [1632, 1633, 1634, 1635, 1636, 1639, 1640, 1641, 1642, 1646, 1648, 1653, 1654, 1655, 1656, 1665], "summary": {"covered_lines": 16, "num_statements": 16, "percent_covered": 100.0, "percent_covered_display": "100", "missing_lines": 0, "excluded_lines": 0, "percent_statements_covered": 100.0, "percent_statements_covered_display": "100"}, "missing_lines": [], "excluded_lines": [], "start_line": 1601}, "_probe_www_authenticate": {"executed_lines": [1685, 1690, 1691, 1697, 1698, 1699, 1700, 1701], "summary": {"covered_lines": 8, "num_statements": 8, "percent_covered": 100.0, "percent_covered_display": "100", "missing_lines": 0, "excluded_lines": 0, "percent_statements_covered": 100.0, "percent_statements_covered_display": "100"}, "missing_lines": [], "excluded_lines": [], "start_line": 1677}, "step_up_authorize": {"executed_lines": [1722, 1724, 1725, 1726, 1727, 1728, 1729, 1731, 1732, 1753, 1754, 1758, 1759], "summary": {"covered_lines": 13, "num_statements": 13, "percent_covered": 100.0, "percent_covered_display": "100", "missing_lines": 0, "excluded_lines": 0, "percent_statements_covered": 100.0, "percent_statements_covered_display": "100"}, "missing_lines": [], "excluded_lines": [], "start_line": 1704}, "": {"executed_lines": [3, 5, 6, 7, 8, 9, 10, 11, 12, 13, 14, 15, 16, 17, 18, 20, 22, 23, 33, 41, 44, 57, 60, 70, 71, 74, 75, 76, 77, 78, 81, 84, 92, 136, 139, 159, 175, 248, 249, 252, 270, 323, 366, 401, 474, 649, 652, 673, 674, 677, 678, 679, 680, 683, 690, 767, 787, 788, 791, 792, 793, 794, 797, 868, 882, 920, 977, 1028, 1117, 1185, 1377, 1601, 1677, 1704], "summary": {"covered_lines": 74, "num_statements": 74, "percent_covered": 100.0, "percent_covered_display": "100", "missing_lines": 0, "excluded_lines": 0, "percent_statements_covered": 100.0, "percent_statements_covered_display": "100"}, "missing_lines": [], "excluded_lines": [], "start_line": 1}}, "classes": {"OAuthMetadata": {"executed_lines": [], "summary": {"covered_lines": 0, "num_statements": 0, "percent_covered": 100.0, "percent_covered_display": "100", "missing_lines": 0, "excluded_lines": 0, "percent_statements_covered": 100.0, "percent_statements_covered_display": "100"}, "missing_lines": [], "excluded_lines": [], "start_line": 71}, "ClientRegistration": {"executed_lines": [], "summary": {"covered_lines": 0, "num_statements": 0, "percent_covered": 100.0, "percent_covered_display": "100", "missing_lines": 0, "excluded_lines": 0, "percent_statements_covered": 100.0, "percent_statements_covered_display": "100"}, "missing_lines": [], "excluded_lines": [], "start_line": 674}, "CallbackResult": {"executed_lines": [], "summary": {"covered_lines": 0, "num_statements": 0, "percent_covered": 100.0, "percent_covered_display": "100", "missing_lines": 0, "excluded_lines": 0, "percent_statements_covered": 100.0, "percent_statements_covered_display": "100"}, "missing_lines": [], "excluded_lines": [], "start_line": 788}, "_make_callback_handler.Handler": {"executed_lines": [813, 814, 815, 816, 817, 819, 825, 826, 827, 828, 829, 832, 834, 835, 836, 837, 838, 839, 841, 842, 843, 845, 846, 847, 848, 849, 856, 860, 863], "summary": {"covered_lines": 29, "num_statements": 29, "percent_covered": 100.0, "percent_covered_display": "100", "missing_lines": 0, "excluded_lines": 0, "percent_statements_covered": 100.0, "percent_statements_covered_display": "100"}, "missing_lines": [], "excluded_lines": [], "start_line": 806}, "": {"executed_lines": [3, 5, 6, 7, 8, 9, 10, 11, 12, 13, 14, 15, 16, 17, 18, 20, 22, 23, 33, 41, 44, 46, 47, 48, 49, 57, 60, 66, 67, 70, 71, 74, 75, 76, 77, 78, 81, 84, 92, 110, 111, 116, 120, 122, 123, 124, 125, 128, 129, 136, 139, 148, 149, 150, 151, 152, 153, 154, 155, 156, 159, 168, 169, 170, 171, 172, 175, 195, 196, 204, 205, 209, 211, 217, 222, 224, 225, 230, 232, 233, 238, 245, 248, 249, 252, 259, 260, 261, 262, 263, 264, 265, 266, 267, 270, 280, 281, 286, 287, 288, 290, 295, 299, 301, 302, 306, 308, 309, 314, 320, 323, 337, 338, 339, 340, 344, 348, 349, 350, 351, 355, 356, 357, 362, 363, 366, 380, 381, 382, 383, 387, 388, 389, 391, 392, 395, 398, 401, 409, 417, 418, 419, 420, 421, 422, 427, 428, 429, 433, 436, 442, 469, 470, 471, 474, 492, 497, 498, 499, 500, 501, 502, 510, 513, 514, 515, 516, 517, 519, 520, 521, 522, 523, 524, 525, 526, 527, 528, 529, 541, 542, 543, 547, 548, 549, 554, 555, 558, 559, 560, 561, 562, 563, 569, 570, 571, 585, 586, 587, 588, 595, 596, 597, 598, 601, 608, 616, 619, 622, 627, 649, 652, 660, 661, 662, 663, 664, 665, 670, 673, 674, 677, 678, 679, 680, 683, 685, 686, 687, 690, 704, 705, 710, 713, 714, 720, 727, 731, 732, 736, 737, 742, 743, 744, 745, 746, 749, 750, 751, 754, 767, 776, 777, 778, 779, 787, 788, 791, 792, 793, 794, 797, 806, 807, 862, 865, 868, 877, 878, 879, 882, 888, 890, 891, 892, 898, 899, 900, 908, 909, 910, 911, 912, 916, 917, 920, 943, 949, 953, 958, 961, 963, 964, 965, 966, 967, 969, 974, 977, 995, 999, 1003, 1004, 1007, 1009, 1010, 1011, 1012, 1013, 1015, 1020, 1028, 1049, 1053, 1055, 1056, 1060, 1061, 1062, 1063, 1069, 1070, 1071, 1072, 1082, 1083, 1084, 1090, 1095, 1117, 1129, 1130, 1136, 1137, 1138, 1139, 1140, 1141, 1142, 1143, 1144, 1153, 1154, 1155, 1156, 1169, 1180, 1181, 1182, 1185, 1203, 1204, 1206, 1213, 1214, 1215, 1217, 1218, 1219, 1220, 1221, 1222, 1223, 1224, 1225, 1226, 1228, 1231, 1232, 1233, 1234, 1235, 1236, 1237, 1238, 1239, 1240, 1241, 1248, 1249, 1250, 1253, 1254, 1262, 1263, 1264, 1265, 1267, 1275, 1279, 1281, 1283, 1284, 1285, 1287, 1288, 1290, 1291, 1292, 1293, 1297, 1299, 1300, 1302, 1303, 1310, 1311, 1326, 1327, 1332, 1337, 1341, 1342, 1345, 1346, 1357, 1372, 1373, 1374, 1377, 1393, 1394, 1400, 1401, 1402, 1403, 1404, 1405, 1406, 1407, 1408, 1409, 1410, 1411, 1412, 1413, 1414, 1415, 1416, 1417, 1419, 1423, 1427, 1428, 1429, 1430, 1431, 1432, 1436, 1437, 1440, 1442, 1443, 1444, 1446, 1451, 1452, 1456, 1457, 1458, 1459, 1469, 1473, 1474, 1478, 1487, 1494, 1497, 1498, 1499, 1501, 1507, 1508, 1512, 1514, 1517, 1519, 1520, 1524, 1528, 1529, 1532, 1543, 1544, 1545, 1547, 1548, 1553, 1554, 1555, 1556, 1558, 1559, 1560, 1573, 1574, 1575, 1577, 1578, 1579, 1580, 1584, 1585, 1586, 1588, 1589, 1590, 1592, 1594, 1596, 1601, 1632, 1633, 1634, 1635, 1636, 1639, 1640, 1641, 1642, 1646, 1648, 1653, 1654, 1655, 1656, 1665, 1677, 1685, 1690, 1691, 1697, 1698, 1699, 1700, 1701, 1704, 1722, 1724, 1725, 1726, 1727, 1728, 1729, 1731, 1732, 1753, 1754, 1758, 1759], "summary": {"covered_lines": 550, "num_statements": 571, "percent_covered": 96.32224168126095, "percent_covered_display": "96", "missing_lines": 21, "excluded_lines": 0, "percent_statements_covered": 96.32224168126095, "percent_statements_covered_display": "96"}, "missing_lines": [126, 127, 197, 198, 202, 282, 283, 284, 341, 342, 343, 390, 393, 394, 397, 623, 1242, 1343, 1424, 1581, 1582], "excluded_lines": [], "start_line": 1}}}, "src/mcp_stdio/relay.py": {"executed_lines": [3, 5, 6, 7, 8, 9, 10, 11, 12, 13, 14, 15, 16, 17, 19, 21, 23, 24, 32, 47, 53, 54, 55, 58, 85, 88, 89, 90, 91, 92, 98, 102, 103, 104, 107, 108, 111, 112, 114, 117, 124, 125, 130, 138, 141, 149, 150, 151, 152, 153, 156, 159, 161, 170, 173, 175, 176, 177, 180, 182, 183, 184, 185, 188, 203, 211, 212, 215, 216, 217, 220, 223, 225, 226, 227, 229, 233, 243, 246, 259, 262, 274, 275, 276, 277, 280, 283, 290, 291, 292, 293, 294, 295, 296, 297, 298, 299, 300, 313, 314, 315, 318, 337, 339, 344, 345, 346, 347, 349, 350, 351, 352, 353, 354, 355, 357, 358, 359, 360, 361, 362, 363, 364, 365, 366, 367, 369, 376, 377, 378, 379, 380, 381, 382, 384, 391, 392, 393, 394, 396, 397, 398, 399, 400, 403, 417, 418, 419, 420, 421, 422, 423, 425, 426, 427, 428, 431, 438, 439, 440, 441, 450, 458, 459, 460, 461, 462, 464, 465, 466, 467, 469, 470, 471, 474, 475, 476, 477, 478, 480, 482, 483, 486, 500, 501, 502, 505, 508, 509, 512, 513, 516, 531, 532, 533, 536, 554, 555, 556, 557, 558, 559, 560, 561, 562, 563, 564, 565, 566, 567, 568, 569, 570, 571, 574, 577, 585, 593, 594, 595, 598, 602, 605, 606, 607, 610, 621, 622, 623, 624, 625, 626, 627, 628, 629, 630, 631, 643, 646, 648, 651, 660, 661, 662, 664, 665, 666, 669, 670, 671, 672, 673, 674, 675, 677, 678, 679, 682, 706, 707, 708, 709, 710, 711, 719, 720, 721, 726, 727, 728, 729, 730, 731, 732, 733, 734, 735, 736, 737, 738, 739, 740, 741, 742, 743, 746, 775, 776, 783, 784, 785, 786, 787, 789, 790, 791, 792, 793, 801, 805, 806, 808, 809, 810, 812, 813, 814, 815, 816, 817, 818, 819, 820, 821, 823, 824, 825, 826, 827, 828, 829, 831, 837, 838, 839, 850, 851, 852, 856, 857, 858, 861, 862, 863, 865, 866, 867, 868, 871, 903, 904, 905, 906, 907, 908, 909, 910, 911, 912, 920, 924, 925, 926, 927, 929, 930, 944, 945, 947, 948, 949, 954, 955, 958, 963, 964, 966, 967, 969, 970, 971, 972, 973, 981, 982, 983, 984, 986, 987, 988, 989, 998, 1001, 1012, 1013, 1014, 1015, 1016, 1017, 1018, 1019, 1020, 1021, 1022, 1023, 1024, 1027, 1035, 1036, 1037, 1038, 1039, 1040, 1041, 1042, 1043, 1044, 1045, 1046, 1047, 1050, 1073, 1074, 1080, 1081, 1082, 1083, 1084, 1088, 1090, 1091, 1092, 1093, 1095, 1108, 1109, 1110, 1111, 1115, 1116, 1117, 1119, 1122, 1123, 1124, 1125, 1129, 1130, 1131, 1133, 1134, 1142, 1145, 1149, 1150, 1151, 1153, 1154, 1157, 1158, 1159, 1160, 1161, 1162, 1164, 1165, 1166, 1169, 1170, 1171, 1175, 1176, 1177, 1179, 1180, 1181, 1182, 1184, 1185, 1186, 1191, 1197, 1198, 1200, 1205, 1206, 1209, 1245, 1257, 1258, 1259, 1260, 1261, 1262, 1263, 1264, 1265, 1266, 1267, 1268, 1272, 1273, 1274, 1275, 1276, 1277, 1278, 1279, 1281, 1282, 1283, 1286, 1289, 1290, 1291, 1292, 1293, 1294, 1295, 1296, 1297, 1298, 1299, 1300, 1301, 1304, 1311, 1312, 1313, 1316, 1317, 1318, 1319, 1320, 1321, 1322, 1324, 1328, 1329, 1330, 1331, 1332, 1333, 1334, 1335, 1336, 1337, 1338, 1341, 1358, 1371, 1387, 1389, 1390, 1391, 1392, 1393, 1394, 1395, 1396, 1397, 1398, 1399, 1400, 1404, 1405, 1406, 1407, 1408, 1409, 1410, 1411, 1413, 1414, 1415, 1416, 1419, 1420, 1421, 1425, 1426, 1427, 1428, 1431, 1432, 1433, 1434, 1435, 1436, 1437, 1438, 1441, 1446, 1447, 1449, 1450, 1451, 1452, 1455, 1456, 1458, 1461, 1476, 1477, 1484, 1497, 1501, 1502, 1503, 1505, 1510, 1511, 1513, 1516, 1517, 1519, 1520, 1521, 1523, 1524, 1525, 1526, 1527, 1529, 1530, 1531, 1532, 1534, 1536, 1537, 1539, 1540, 1541, 1542, 1544, 1547, 1611, 1615, 1616, 1618, 1620, 1624, 1625, 1626, 1636, 1638, 1639, 1640, 1641, 1642, 1643, 1645, 1646, 1647, 1648, 1649, 1651, 1652, 1653, 1654, 1656, 1657, 1658, 1659, 1667, 1668, 1671, 1673, 1675, 1677, 1678, 1683, 1702, 1703, 1718, 1723, 1727, 1728, 1729, 1733, 1734, 1736, 1737, 1746, 1760, 1764, 1767, 1794, 1795, 1796, 1797, 1798, 1799, 1800, 1801, 1805, 1810, 1811, 1813, 1814, 1815, 1816, 1819, 1820, 1823, 1824, 1828, 1829, 1830, 1831, 1832, 1833, 1837, 1841, 1844, 1845, 1846, 1847, 1850, 1851, 1852, 1853, 1856, 1857, 1858, 1859, 1860, 1861, 1864, 1865, 1866, 1867, 1868, 1869, 1870, 1882, 1883, 1893, 1894, 1896, 1897, 1898, 1902, 1908, 1913, 1914, 1921, 1922, 1923, 1924, 1926, 1929, 1942, 1944, 1945, 1946, 1947, 1950, 1989, 1990, 1991, 1992, 1993, 1994, 1996, 1997, 1998, 1999, 2000, 2003, 2004, 2006, 2007, 2008, 2009, 2010, 2012, 2013, 2015, 2016, 2023, 2024, 2025, 2030, 2031, 2032, 2033, 2034, 2035, 2036, 2037, 2039, 2040, 2041, 2046, 2047, 2049, 2050, 2051, 2052, 2054, 2055, 2056, 2057, 2059, 2060, 2066, 2070, 2071, 2072, 2082, 2083, 2084, 2085, 2089, 2156, 2160, 2161, 2163, 2171, 2174, 2184, 2185, 2189, 2190, 2195, 2197, 2198, 2199, 2200, 2201, 2203, 2204, 2205, 2206, 2207, 2209, 2216, 2217, 2219, 2220, 2221, 2222, 2225, 2226, 2227, 2228, 2230, 2231, 2232, 2233, 2241, 2242, 2245, 2262, 2263, 2264, 2265, 2266, 2267, 2268, 2269, 2271, 2272, 2291, 2292, 2298, 2299, 2300, 2301, 2302, 2303, 2307, 2319, 2320, 2321, 2322, 2323, 2324, 2330, 2331, 2343, 2344, 2345, 2346, 2348, 2349, 2352, 2353, 2357, 2358, 2359, 2360, 2363, 2364, 2376, 2379, 2380, 2381, 2383, 2384, 2395, 2396, 2397, 2398, 2399, 2400, 2401, 2406, 2407, 2408, 2409, 2410, 2415, 2416, 2417, 2418, 2420, 2429, 2430], "summary": {"covered_lines": 910, "num_statements": 948, "percent_covered": 95.9915611814346, "percent_covered_display": "96", "missing_lines": 38, "excluded_lines": 0, "percent_statements_covered": 95.9915611814346, "percent_statements_covered_display": "96"}, "missing_lines": [93, 196, 197, 198, 199, 200, 213, 214, 231, 232, 278, 279, 424, 479, 481, 663, 946, 968, 1075, 1076, 1120, 1167, 1192, 1401, 1402, 1453, 1522, 1612, 1613, 1842, 2014, 2053, 2058, 2061, 2086, 2157, 2158, 2223], "excluded_lines": [], "functions": {"_tcp_keepalive_socket_options": {"executed_lines": [85, 88, 89, 90, 91, 92, 98, 102, 103, 104, 107, 108, 111, 112, 114], "summary": {"covered_lines": 15, "num_statements": 16, "percent_covered": 93.75, "percent_covered_display": "94", "missing_lines": 1, "excluded_lines": 0, "percent_statements_covered": 93.75, "percent_statements_covered_display": "94"}, "missing_lines": [93], "excluded_lines": [], "start_line": 58}, "_make_httpx_transport": {"executed_lines": [124, 125], "summary": {"covered_lines": 2, "num_statements": 2, "percent_covered": 100.0, "percent_covered_display": "100", "missing_lines": 0, "excluded_lines": 0, "percent_statements_covered": 100.0, "percent_statements_covered_display": "100"}, "missing_lines": [], "excluded_lines": [], "start_line": 117}, "_enforce_lf_stdio": {"executed_lines": [149, 150, 151, 152, 153], "summary": {"covered_lines": 5, "num_statements": 5, "percent_covered": 100.0, "percent_covered_display": "100", "missing_lines": 0, "excluded_lines": 0, "percent_statements_covered": 100.0, "percent_statements_covered_display": "100"}, "missing_lines": [], "excluded_lines": [], "start_line": 141}, "log": {"executed_lines": [161], "summary": {"covered_lines": 1, "num_statements": 1, "percent_covered": 100.0, "percent_covered_display": "100", "missing_lines": 0, "excluded_lines": 0, "percent_statements_covered": 100.0, "percent_statements_covered_display": "100"}, "missing_lines": [], "excluded_lines": [], "start_line": 159}, "_write_line": {"executed_lines": [175, 176, 177], "summary": {"covered_lines": 3, "num_statements": 3, "percent_covered": 100.0, "percent_covered_display": "100", "missing_lines": 0, "excluded_lines": 0, "percent_statements_covered": 100.0, "percent_statements_covered_display": "100"}, "missing_lines": [], "excluded_lines": [], "start_line": 173}, "_extract_id": {"executed_lines": [182, 183, 184, 185], "summary": {"covered_lines": 4, "num_statements": 4, "percent_covered": 100.0, "percent_covered_display": "100", "missing_lines": 0, "excluded_lines": 0, "percent_statements_covered": 100.0, "percent_statements_covered_display": "100"}, "missing_lines": [], "excluded_lines": [], "start_line": 180}, "_has_id": {"executed_lines": [], "summary": {"covered_lines": 0, "num_statements": 5, "percent_covered": 0.0, "percent_covered_display": "0", "missing_lines": 5, "excluded_lines": 0, "percent_statements_covered": 0.0, "percent_statements_covered_display": "0"}, "missing_lines": [196, 197, 198, 199, 200], "excluded_lines": [], "start_line": 188}, "_extract_id_and_presence": {"executed_lines": [211, 212, 215, 216, 217], "summary": {"covered_lines": 5, "num_statements": 7, "percent_covered": 71.42857142857143, "percent_covered_display": "71", "missing_lines": 2, "excluded_lines": 0, "percent_statements_covered": 71.42857142857143, "percent_statements_covered_display": "71"}, "missing_lines": [213, 214], "excluded_lines": [], "start_line": 203}, "_same_origin": {"executed_lines": [225, 226, 227, 229, 233], "summary": {"covered_lines": 5, "num_statements": 7, "percent_covered": 71.42857142857143, "percent_covered_display": "71", "missing_lines": 2, "excluded_lines": 0, "percent_statements_covered": 71.42857142857143, "percent_statements_covered_display": "71"}, "missing_lines": [231, 232], "excluded_lines": [], "start_line": 223}, "_looks_like_initialize": {"executed_lines": [259], "summary": {"covered_lines": 1, "num_statements": 1, "percent_covered": 100.0, "percent_covered_display": "100", "missing_lines": 0, "excluded_lines": 0, "percent_statements_covered": 100.0, "percent_statements_covered_display": "100"}, "missing_lines": [], "excluded_lines": [], "start_line": 246}, "_is_initialize_request": {"executed_lines": [274, 275, 276, 277, 280], "summary": {"covered_lines": 5, "num_statements": 7, "percent_covered": 71.42857142857143, "percent_covered_display": "71", "missing_lines": 2, "excluded_lines": 0, "percent_statements_covered": 71.42857142857143, "percent_statements_covered_display": "71"}, "missing_lines": [278, 279], "excluded_lines": [], "start_line": 262}, "_extract_protocol_version": {"executed_lines": [290, 291, 292, 293, 294, 295, 296, 297, 298, 299, 300], "summary": {"covered_lines": 11, "num_statements": 11, "percent_covered": 100.0, "percent_covered_display": "100", "missing_lines": 0, "excluded_lines": 0, "percent_statements_covered": 100.0, "percent_statements_covered_display": "100"}, "missing_lines": [], "excluded_lines": [], "start_line": 283}, "_CancelTracker.__init__": {"executed_lines": [344, 345, 346, 347], "summary": {"covered_lines": 4, "num_statements": 4, "percent_covered": 100.0, "percent_covered_display": "100", "missing_lines": 0, "excluded_lines": 0, "percent_statements_covered": 100.0, "percent_statements_covered_display": "100"}, "missing_lines": [], "excluded_lines": [], "start_line": 339}, "_CancelTracker.add": {"executed_lines": [350, 351, 352, 353, 354, 355], "summary": {"covered_lines": 6, "num_statements": 6, "percent_covered": 100.0, "percent_covered_display": "100", "missing_lines": 0, "excluded_lines": 0, "percent_statements_covered": 100.0, "percent_statements_covered_display": "100"}, "missing_lines": [], "excluded_lines": [], "start_line": 349}, "_CancelTracker.contains": {"executed_lines": [358, 359, 360, 361, 362, 363, 364, 365, 366, 367], "summary": {"covered_lines": 10, "num_statements": 10, "percent_covered": 100.0, "percent_covered_display": "100", "missing_lines": 0, "excluded_lines": 0, "percent_statements_covered": 100.0, "percent_statements_covered_display": "100"}, "missing_lines": [], "excluded_lines": [], "start_line": 357}, "_CancelTracker.consume": {"executed_lines": [376, 377, 378, 379, 380, 381, 382], "summary": {"covered_lines": 7, "num_statements": 7, "percent_covered": 100.0, "percent_covered_display": "100", "missing_lines": 0, "excluded_lines": 0, "percent_statements_covered": 100.0, "percent_statements_covered_display": "100"}, "missing_lines": [], "excluded_lines": [], "start_line": 369}, "_CancelTracker.discard": {"executed_lines": [391, 392, 393, 394], "summary": {"covered_lines": 4, "num_statements": 4, "percent_covered": 100.0, "percent_covered_display": "100", "missing_lines": 0, "excluded_lines": 0, "percent_statements_covered": 100.0, "percent_statements_covered_display": "100"}, "missing_lines": [], "excluded_lines": [], "start_line": 384}, "_CancelTracker._gc_locked": {"executed_lines": [397, 398, 399, 400], "summary": {"covered_lines": 4, "num_statements": 4, "percent_covered": 100.0, "percent_covered_display": "100", "missing_lines": 0, "excluded_lines": 0, "percent_statements_covered": 100.0, "percent_statements_covered_display": "100"}, "missing_lines": [], "excluded_lines": [], "start_line": 396}, "_extract_cancel_id": {"executed_lines": [417, 418, 419, 420, 421, 422, 423, 425, 426, 427, 428], "summary": {"covered_lines": 11, "num_statements": 12, "percent_covered": 91.66666666666667, "percent_covered_display": "92", "missing_lines": 1, "excluded_lines": 0, "percent_statements_covered": 91.66666666666667, "percent_statements_covered_display": "92"}, "missing_lines": [424], "excluded_lines": [], "start_line": 403}, "_error_response": {"executed_lines": [438, 439, 440, 441], "summary": {"covered_lines": 4, "num_statements": 4, "percent_covered": 100.0, "percent_covered_display": "100", "missing_lines": 0, "excluded_lines": 0, "percent_statements_covered": 100.0, "percent_statements_covered_display": "100"}, "missing_lines": [], "excluded_lines": [], "start_line": 431}, "_parse_retry_after": {"executed_lines": [458, 459, 460, 461, 462, 464, 465, 466, 467, 469, 470, 471, 474, 475, 476, 477, 478, 480, 482, 483], "summary": {"covered_lines": 20, "num_statements": 22, "percent_covered": 90.9090909090909, "percent_covered_display": "91", "missing_lines": 2, "excluded_lines": 0, "percent_statements_covered": 90.9090909090909, "percent_statements_covered_display": "91"}, "missing_lines": [479, 481], "excluded_lines": [], "start_line": 450}, "_handle_rate_limit": {"executed_lines": [500, 501, 502, 505, 508, 509, 512, 513], "summary": {"covered_lines": 8, "num_statements": 8, "percent_covered": 100.0, "percent_covered_display": "100", "missing_lines": 0, "excluded_lines": 0, "percent_statements_covered": 100.0, "percent_statements_covered_display": "100"}, "missing_lines": [], "excluded_lines": [], "start_line": 486}, "_escape_js_line_separators": {"executed_lines": [531, 532, 533], "summary": {"covered_lines": 3, "num_statements": 3, "percent_covered": 100.0, "percent_covered_display": "100", "missing_lines": 0, "excluded_lines": 0, "percent_statements_covered": 100.0, "percent_statements_covered_display": "100"}, "missing_lines": [], "excluded_lines": [], "start_line": 516}, "_emit": {"executed_lines": [554, 555, 556, 557, 558, 559, 560, 561, 562, 563, 564, 565, 566, 567, 568, 569, 570, 571], "summary": {"covered_lines": 18, "num_statements": 18, "percent_covered": 100.0, "percent_covered_display": "100", "missing_lines": 0, "excluded_lines": 0, "percent_statements_covered": 100.0, "percent_statements_covered_display": "100"}, "missing_lines": [], "excluded_lines": [], "start_line": 536}, "_StreamResult.__init__": {"executed_lines": [593, 594, 595, 598, 602], "summary": {"covered_lines": 5, "num_statements": 5, "percent_covered": 100.0, "percent_covered_display": "100", "missing_lines": 0, "excluded_lines": 0, "percent_statements_covered": 100.0, "percent_statements_covered_display": "100"}, "missing_lines": [], "excluded_lines": [], "start_line": 585}, "_parse_www_authenticate_scope": {"executed_lines": [621, 622, 623, 624, 625, 626, 627, 628, 629, 630, 631], "summary": {"covered_lines": 11, "num_statements": 11, "percent_covered": 100.0, "percent_covered_display": "100", "missing_lines": 0, "excluded_lines": 0, "percent_statements_covered": 100.0, "percent_statements_covered_display": "100"}, "missing_lines": [], "excluded_lines": [], "start_line": 610}, "_split_sse_text": {"executed_lines": [648], "summary": {"covered_lines": 1, "num_statements": 1, "percent_covered": 100.0, "percent_covered_display": "100", "missing_lines": 0, "excluded_lines": 0, "percent_statements_covered": 100.0, "percent_statements_covered_display": "100"}, "missing_lines": [], "excluded_lines": [], "start_line": 646}, "_iter_sse_lines": {"executed_lines": [660, 661, 662, 664, 665, 666, 669, 670, 671, 672, 673, 674, 675, 677, 678, 679], "summary": {"covered_lines": 16, "num_statements": 17, "percent_covered": 94.11764705882354, "percent_covered_display": "94", "missing_lines": 1, "excluded_lines": 0, "percent_statements_covered": 94.11764705882354, "percent_statements_covered_display": "94"}, "missing_lines": [663], "excluded_lines": [], "start_line": 651}, "_iter_sse_events": {"executed_lines": [706, 707, 708, 709, 710, 711, 719, 720, 721, 726, 727, 728, 729, 730, 731, 732, 733, 734, 735, 736, 737, 738, 739, 740, 741, 742, 743], "summary": {"covered_lines": 27, "num_statements": 27, "percent_covered": 100.0, "percent_covered_display": "100", "missing_lines": 0, "excluded_lines": 0, "percent_statements_covered": 100.0, "percent_statements_covered_display": "100"}, "missing_lines": [], "excluded_lines": [], "start_line": 682}, "_post_and_stream": {"executed_lines": [775, 776, 783, 784, 785, 786, 787, 789, 790, 791, 792, 793, 801, 805, 806, 808, 809, 810, 812, 813, 814, 815, 816, 817, 818, 819, 820, 821, 823, 824, 825, 826, 827, 828, 829, 831, 837, 838, 839, 850, 851, 852, 856, 857, 858, 861, 862, 863, 865, 866, 867, 868], "summary": {"covered_lines": 52, "num_statements": 52, "percent_covered": 100.0, "percent_covered_display": "100", "missing_lines": 0, "excluded_lines": 0, "percent_statements_covered": 100.0, "percent_statements_covered_display": "100"}, "missing_lines": [], "excluded_lines": [], "start_line": 746}, "_post_parsed": {"executed_lines": [903, 904, 905, 906, 907, 908, 909, 910, 911, 912, 920, 924, 925, 926, 927, 929, 930, 944, 945, 947, 948, 949, 954, 955, 958, 963, 964, 966, 967, 969, 970, 971, 972, 973, 981, 982, 983, 984, 986, 987, 988, 989], "summary": {"covered_lines": 42, "num_statements": 44, "percent_covered": 95.45454545454545, "percent_covered_display": "95", "missing_lines": 2, "excluded_lines": 0, "percent_statements_covered": 95.45454545454545, "percent_statements_covered_display": "95"}, "missing_lines": [946, 968], "excluded_lines": [], "start_line": 871}, "_normalize_null_arguments": {"executed_lines": [1012, 1013, 1014, 1015, 1016, 1017, 1018, 1019, 1020, 1021, 1022, 1023, 1024], "summary": {"covered_lines": 13, "num_statements": 13, "percent_covered": 100.0, "percent_covered_display": "100", "missing_lines": 0, "excluded_lines": 0, "percent_statements_covered": 100.0, "percent_statements_covered_display": "100"}, "missing_lines": [], "excluded_lines": [], "start_line": 1001}, "_detect_paginated_list": {"executed_lines": [1035, 1036, 1037, 1038, 1039, 1040, 1041, 1042, 1043, 1044, 1045, 1046, 1047], "summary": {"covered_lines": 13, "num_statements": 13, "percent_covered": 100.0, "percent_covered_display": "100", "missing_lines": 0, "excluded_lines": 0, "percent_statements_covered": 100.0, "percent_statements_covered_display": "100"}, "missing_lines": [], "excluded_lines": [], "start_line": 1027}, "_paginate_and_stream": {"executed_lines": [1073, 1074, 1080, 1081, 1082, 1083, 1084, 1088, 1090, 1091, 1092, 1093, 1095, 1108, 1109, 1110, 1111, 1115, 1116, 1117, 1119, 1122, 1123, 1124, 1125, 1129, 1130, 1131, 1133, 1134, 1142, 1145, 1149, 1150, 1151, 1153, 1154, 1157, 1158, 1159, 1160, 1161, 1162, 1164, 1165, 1166, 1169, 1170, 1171, 1175, 1176, 1177, 1179, 1180, 1181, 1182, 1184, 1185, 1186, 1191, 1197, 1198, 1200, 1205, 1206], "summary": {"covered_lines": 65, "num_statements": 70, "percent_covered": 92.85714285714286, "percent_covered_display": "93", "missing_lines": 5, "excluded_lines": 0, "percent_statements_covered": 92.85714285714286, "percent_statements_covered_display": "93"}, "missing_lines": [1075, 1076, 1120, 1167, 1192], "excluded_lines": [], "start_line": 1050}, "_reinitialize": {"executed_lines": [1245, 1257, 1258, 1259, 1260, 1261, 1262, 1263, 1264, 1265, 1266, 1267, 1268, 1272, 1273, 1274, 1275, 1276, 1277, 1278, 1279, 1281, 1282, 1283, 1286, 1289, 1290, 1291, 1292, 1293, 1294, 1295, 1296, 1297, 1298, 1299, 1300, 1301], "summary": {"covered_lines": 38, "num_statements": 38, "percent_covered": 100.0, "percent_covered_display": "100", "missing_lines": 0, "excluded_lines": 0, "percent_statements_covered": 100.0, "percent_statements_covered_display": "100"}, "missing_lines": [], "excluded_lines": [], "start_line": 1209}, "_report_initialize": {"executed_lines": [1311, 1312, 1313, 1316, 1317, 1318, 1319, 1320, 1321, 1322, 1324, 1328, 1329, 1330, 1331, 1332, 1333, 1334, 1335, 1336, 1337, 1338], "summary": {"covered_lines": 22, "num_statements": 22, "percent_covered": 100.0, "percent_covered_display": "100", "missing_lines": 0, "excluded_lines": 0, "percent_statements_covered": 100.0, "percent_statements_covered_display": "100"}, "missing_lines": [], "excluded_lines": [], "start_line": 1304}, "_check_connection_sse": {"executed_lines": [1358, 1371, 1387, 1389, 1404, 1405, 1406, 1407, 1408, 1409, 1410, 1411, 1413, 1414, 1415, 1416, 1419, 1420, 1421, 1425, 1426, 1427, 1428, 1431, 1432, 1433, 1434, 1435, 1436, 1437, 1438, 1441, 1446, 1447, 1449, 1450, 1451, 1452, 1455, 1456, 1458], "summary": {"covered_lines": 41, "num_statements": 42, "percent_covered": 97.61904761904762, "percent_covered_display": "98", "missing_lines": 1, "excluded_lines": 0, "percent_statements_covered": 97.61904761904762, "percent_statements_covered_display": "98"}, "missing_lines": [1453], "excluded_lines": [], "start_line": 1341}, "_check_connection_sse.do_post": {"executed_lines": [1390, 1391, 1392, 1393, 1394, 1395, 1396, 1397, 1398, 1399, 1400], "summary": {"covered_lines": 11, "num_statements": 13, "percent_covered": 84.61538461538461, "percent_covered_display": "85", "missing_lines": 2, "excluded_lines": 0, "percent_statements_covered": 84.61538461538461, "percent_statements_covered_display": "85"}, "missing_lines": [1401, 1402], "excluded_lines": [], "start_line": 1389}, "check_connection": {"executed_lines": [1476, 1477, 1484, 1497, 1501, 1502, 1503, 1505, 1510, 1511, 1513, 1516, 1517, 1519, 1520, 1521, 1523, 1524, 1525, 1526, 1527, 1529, 1530, 1531, 1532, 1534, 1536, 1537, 1539, 1540, 1541, 1542, 1544], "summary": {"covered_lines": 33, "num_statements": 34, "percent_covered": 97.05882352941177, "percent_covered_display": "97", "missing_lines": 1, "excluded_lines": 0, "percent_statements_covered": 97.05882352941177, "percent_statements_covered_display": "97"}, "missing_lines": [1522], "excluded_lines": [], "start_line": 1461}, "run": {"executed_lines": [1611, 1615, 1616, 1618, 1620, 1624, 1625, 1626, 1636, 1645, 1646, 1647, 1648, 1649, 1651, 1652, 1653, 1654, 1656, 1657, 1658, 1659, 1667, 1668, 1671, 1673, 1675, 1736, 1737, 1746, 1760, 1764, 1767, 1794, 1795, 1796, 1797, 1798, 1799, 1800, 1801, 1805, 1810, 1811, 1813, 1814, 1815, 1816, 1819, 1820, 1823, 1824, 1828, 1829, 1830, 1831, 1832, 1833, 1837, 1841, 1844, 1845, 1846, 1847, 1850, 1851, 1852, 1853, 1856, 1857, 1858, 1859, 1860, 1861, 1864, 1865, 1866, 1867, 1868, 1869, 1870, 1882, 1883, 1893, 1894, 1896, 1897, 1898, 1902, 1908, 1913, 1914, 1921, 1922, 1923, 1924, 1926], "summary": {"covered_lines": 97, "num_statements": 98, "percent_covered": 98.9795918367347, "percent_covered_display": "99", "missing_lines": 1, "excluded_lines": 0, "percent_statements_covered": 98.9795918367347, "percent_statements_covered_display": "99"}, "missing_lines": [1842], "excluded_lines": [], "start_line": 1547}, "run._shutdown": {"executed_lines": [], "summary": {"covered_lines": 0, "num_statements": 2, "percent_covered": 0.0, "percent_covered_display": "0", "missing_lines": 2, "excluded_lines": 0, "percent_statements_covered": 0.0, "percent_statements_covered_display": "0"}, "missing_lines": [1612, 1613], "excluded_lines": [], "start_line": 1611}, "run._prepare_headers": {"executed_lines": [1638, 1639, 1640, 1641, 1642, 1643], "summary": {"covered_lines": 6, "num_statements": 6, "percent_covered": 100.0, "percent_covered_display": "100", "missing_lines": 0, "excluded_lines": 0, "percent_statements_covered": 100.0, "percent_statements_covered_display": "100"}, "missing_lines": [], "excluded_lines": [], "start_line": 1636}, "run._dispatch": {"executed_lines": [1677, 1678, 1683, 1702, 1703, 1718, 1723, 1727, 1728, 1729, 1733, 1734], "summary": {"covered_lines": 12, "num_statements": 12, "percent_covered": 100.0, "percent_covered_display": "100", "missing_lines": 0, "excluded_lines": 0, "percent_statements_covered": 100.0, "percent_statements_covered_display": "100"}, "missing_lines": [], "excluded_lines": [], "start_line": 1675}, "_SseState.__init__": {"executed_lines": [1945, 1946, 1947], "summary": {"covered_lines": 3, "num_statements": 3, "percent_covered": 100.0, "percent_covered_display": "100", "missing_lines": 0, "excluded_lines": 0, "percent_statements_covered": 100.0, "percent_statements_covered_display": "100"}, "missing_lines": [], "excluded_lines": [], "start_line": 1944}, "_sse_reader_loop": {"executed_lines": [1989, 1990, 1991, 1992, 1993, 1994, 1996, 1997, 1998, 1999, 2000, 2003, 2004, 2006, 2007, 2008, 2009, 2010, 2012, 2013, 2015, 2016, 2023, 2024, 2025, 2030, 2031, 2032, 2033, 2034, 2035, 2036, 2037, 2039, 2040, 2041, 2046, 2047, 2049, 2050, 2051, 2052, 2054, 2055, 2056, 2057, 2059, 2060, 2066, 2070, 2071, 2072, 2082, 2083, 2084, 2085], "summary": {"covered_lines": 56, "num_statements": 61, "percent_covered": 91.80327868852459, "percent_covered_display": "92", "missing_lines": 5, "excluded_lines": 0, "percent_statements_covered": 91.80327868852459, "percent_statements_covered_display": "92"}, "missing_lines": [2014, 2053, 2058, 2061, 2086], "excluded_lines": [], "start_line": 1950}, "run_sse": {"executed_lines": [2156, 2160, 2161, 2163, 2171, 2174, 2184, 2185, 2189, 2190, 2195, 2197, 2198, 2199, 2200, 2201, 2203, 2204, 2205, 2206, 2207, 2209, 2219, 2220, 2221, 2222, 2225, 2226, 2227, 2228, 2230, 2231, 2232, 2233, 2241, 2242, 2245, 2262, 2263, 2264, 2265, 2266, 2267, 2268, 2269, 2271, 2272, 2291, 2292, 2298, 2299, 2300, 2301, 2302, 2303, 2307, 2319, 2320, 2321, 2322, 2323, 2324, 2330, 2331, 2343, 2344, 2345, 2346, 2348, 2349, 2352, 2353, 2357, 2358, 2359, 2360, 2363, 2364, 2376, 2379, 2380, 2381, 2383, 2384, 2395, 2396, 2397, 2398, 2399, 2400, 2401, 2406, 2407, 2408, 2409, 2410, 2415, 2416, 2417, 2418, 2420, 2429, 2430], "summary": {"covered_lines": 103, "num_statements": 104, "percent_covered": 99.03846153846153, "percent_covered_display": "99", "missing_lines": 1, "excluded_lines": 0, "percent_statements_covered": 99.03846153846153, "percent_statements_covered_display": "99"}, "missing_lines": [2223], "excluded_lines": [], "start_line": 2089}, "run_sse._shutdown": {"executed_lines": [], "summary": {"covered_lines": 0, "num_statements": 2, "percent_covered": 0.0, "percent_covered_display": "0", "missing_lines": 2, "excluded_lines": 0, "percent_statements_covered": 0.0, "percent_statements_covered_display": "0"}, "missing_lines": [2157, 2158], "excluded_lines": [], "start_line": 2156}, "run_sse._snapshot_headers": {"executed_lines": [2216, 2217], "summary": {"covered_lines": 2, "num_statements": 2, "percent_covered": 100.0, "percent_covered_display": "100", "missing_lines": 0, "excluded_lines": 0, "percent_statements_covered": 100.0, "percent_statements_covered_display": "100"}, "missing_lines": [], "excluded_lines": [], "start_line": 2209}, "": {"executed_lines": [3, 5, 6, 7, 8, 9, 10, 11, 12, 13, 14, 15, 16, 17, 19, 21, 23, 24, 32, 47, 53, 54, 55, 58, 117, 130, 138, 141, 156, 159, 170, 173, 180, 188, 203, 220, 223, 243, 246, 262, 283, 313, 314, 315, 318, 337, 339, 349, 357, 369, 384, 396, 403, 431, 450, 486, 516, 536, 574, 577, 585, 605, 606, 607, 610, 643, 646, 651, 682, 746, 871, 998, 1001, 1027, 1050, 1209, 1304, 1341, 1461, 1547, 1929, 1942, 1944, 1950, 2089], "summary": {"covered_lines": 85, "num_statements": 85, "percent_covered": 100.0, "percent_covered_display": "100", "missing_lines": 0, "excluded_lines": 0, "percent_statements_covered": 100.0, "percent_statements_covered_display": "100"}, "missing_lines": [], "excluded_lines": [], "start_line": 1}}, "classes": {"_CancelTracker": {"executed_lines": [344, 345, 346, 347, 350, 351, 352, 353, 354, 355, 358, 359, 360, 361, 362, 363, 364, 365, 366, 367, 376, 377, 378, 379, 380, 381, 382, 391, 392, 393, 394, 397, 398, 399, 400], "summary": {"covered_lines": 35, "num_statements": 35, "percent_covered": 100.0, "percent_covered_display": "100", "missing_lines": 0, "excluded_lines": 0, "percent_statements_covered": 100.0, "percent_statements_covered_display": "100"}, "missing_lines": [], "excluded_lines": [], "start_line": 318}, "_StreamResult": {"executed_lines": [593, 594, 595, 598, 602], "summary": {"covered_lines": 5, "num_statements": 5, "percent_covered": 100.0, "percent_covered_display": "100", "missing_lines": 0, "excluded_lines": 0, "percent_statements_covered": 100.0, "percent_statements_covered_display": "100"}, "missing_lines": [], "excluded_lines": [], "start_line": 574}, "_SseState": {"executed_lines": [1945, 1946, 1947], "summary": {"covered_lines": 3, "num_statements": 3, "percent_covered": 100.0, "percent_covered_display": "100", "missing_lines": 0, "excluded_lines": 0, "percent_statements_covered": 100.0, "percent_statements_covered_display": "100"}, "missing_lines": [], "excluded_lines": [], "start_line": 1929}, "": {"executed_lines": [3, 5, 6, 7, 8, 9, 10, 11, 12, 13, 14, 15, 16, 17, 19, 21, 23, 24, 32, 47, 53, 54, 55, 58, 85, 88, 89, 90, 91, 92, 98, 102, 103, 104, 107, 108, 111, 112, 114, 117, 124, 125, 130, 138, 141, 149, 150, 151, 152, 153, 156, 159, 161, 170, 173, 175, 176, 177, 180, 182, 183, 184, 185, 188, 203, 211, 212, 215, 216, 217, 220, 223, 225, 226, 227, 229, 233, 243, 246, 259, 262, 274, 275, 276, 277, 280, 283, 290, 291, 292, 293, 294, 295, 296, 297, 298, 299, 300, 313, 314, 315, 318, 337, 339, 349, 357, 369, 384, 396, 403, 417, 418, 419, 420, 421, 422, 423, 425, 426, 427, 428, 431, 438, 439, 440, 441, 450, 458, 459, 460, 461, 462, 464, 465, 466, 467, 469, 470, 471, 474, 475, 476, 477, 478, 480, 482, 483, 486, 500, 501, 502, 505, 508, 509, 512, 513, 516, 531, 532, 533, 536, 554, 555, 556, 557, 558, 559, 560, 561, 562, 563, 564, 565, 566, 567, 568, 569, 570, 571, 574, 577, 585, 605, 606, 607, 610, 621, 622, 623, 624, 625, 626, 627, 628, 629, 630, 631, 643, 646, 648, 651, 660, 661, 662, 664, 665, 666, 669, 670, 671, 672, 673, 674, 675, 677, 678, 679, 682, 706, 707, 708, 709, 710, 711, 719, 720, 721, 726, 727, 728, 729, 730, 731, 732, 733, 734, 735, 736, 737, 738, 739, 740, 741, 742, 743, 746, 775, 776, 783, 784, 785, 786, 787, 789, 790, 791, 792, 793, 801, 805, 806, 808, 809, 810, 812, 813, 814, 815, 816, 817, 818, 819, 820, 821, 823, 824, 825, 826, 827, 828, 829, 831, 837, 838, 839, 850, 851, 852, 856, 857, 858, 861, 862, 863, 865, 866, 867, 868, 871, 903, 904, 905, 906, 907, 908, 909, 910, 911, 912, 920, 924, 925, 926, 927, 929, 930, 944, 945, 947, 948, 949, 954, 955, 958, 963, 964, 966, 967, 969, 970, 971, 972, 973, 981, 982, 983, 984, 986, 987, 988, 989, 998, 1001, 1012, 1013, 1014, 1015, 1016, 1017, 1018, 1019, 1020, 1021, 1022, 1023, 1024, 1027, 1035, 1036, 1037, 1038, 1039, 1040, 1041, 1042, 1043, 1044, 1045, 1046, 1047, 1050, 1073, 1074, 1080, 1081, 1082, 1083, 1084, 1088, 1090, 1091, 1092, 1093, 1095, 1108, 1109, 1110, 1111, 1115, 1116, 1117, 1119, 1122, 1123, 1124, 1125, 1129, 1130, 1131, 1133, 1134, 1142, 1145, 1149, 1150, 1151, 1153, 1154, 1157, 1158, 1159, 1160, 1161, 1162, 1164, 1165, 1166, 1169, 1170, 1171, 1175, 1176, 1177, 1179, 1180, 1181, 1182, 1184, 1185, 1186, 1191, 1197, 1198, 1200, 1205, 1206, 1209, 1245, 1257, 1258, 1259, 1260, 1261, 1262, 1263, 1264, 1265, 1266, 1267, 1268, 1272, 1273, 1274, 1275, 1276, 1277, 1278, 1279, 1281, 1282, 1283, 1286, 1289, 1290, 1291, 1292, 1293, 1294, 1295, 1296, 1297, 1298, 1299, 1300, 1301, 1304, 1311, 1312, 1313, 1316, 1317, 1318, 1319, 1320, 1321, 1322, 1324, 1328, 1329, 1330, 1331, 1332, 1333, 1334, 1335, 1336, 1337, 1338, 1341, 1358, 1371, 1387, 1389, 1390, 1391, 1392, 1393, 1394, 1395, 1396, 1397, 1398, 1399, 1400, 1404, 1405, 1406, 1407, 1408, 1409, 1410, 1411, 1413, 1414, 1415, 1416, 1419, 1420, 1421, 1425, 1426, 1427, 1428, 1431, 1432, 1433, 1434, 1435, 1436, 1437, 1438, 1441, 1446, 1447, 1449, 1450, 1451, 1452, 1455, 1456, 1458, 1461, 1476, 1477, 1484, 1497, 1501, 1502, 1503, 1505, 1510, 1511, 1513, 1516, 1517, 1519, 1520, 1521, 1523, 1524, 1525, 1526, 1527, 1529, 1530, 1531, 1532, 1534, 1536, 1537, 1539, 1540, 1541, 1542, 1544, 1547, 1611, 1615, 1616, 1618, 1620, 1624, 1625, 1626, 1636, 1638, 1639, 1640, 1641, 1642, 1643, 1645, 1646, 1647, 1648, 1649, 1651, 1652, 1653, 1654, 1656, 1657, 1658, 1659, 1667, 1668, 1671, 1673, 1675, 1677, 1678, 1683, 1702, 1703, 1718, 1723, 1727, 1728, 1729, 1733, 1734, 1736, 1737, 1746, 1760, 1764, 1767, 1794, 1795, 1796, 1797, 1798, 1799, 1800, 1801, 1805, 1810, 1811, 1813, 1814, 1815, 1816, 1819, 1820, 1823, 1824, 1828, 1829, 1830, 1831, 1832, 1833, 1837, 1841, 1844, 1845, 1846, 1847, 1850, 1851, 1852, 1853, 1856, 1857, 1858, 1859, 1860, 1861, 1864, 1865, 1866, 1867, 1868, 1869, 1870, 1882, 1883, 1893, 1894, 1896, 1897, 1898, 1902, 1908, 1913, 1914, 1921, 1922, 1923, 1924, 1926, 1929, 1942, 1944, 1950, 1989, 1990, 1991, 1992, 1993, 1994, 1996, 1997, 1998, 1999, 2000, 2003, 2004, 2006, 2007, 2008, 2009, 2010, 2012, 2013, 2015, 2016, 2023, 2024, 2025, 2030, 2031, 2032, 2033, 2034, 2035, 2036, 2037, 2039, 2040, 2041, 2046, 2047, 2049, 2050, 2051, 2052, 2054, 2055, 2056, 2057, 2059, 2060, 2066, 2070, 2071, 2072, 2082, 2083, 2084, 2085, 2089, 2156, 2160, 2161, 2163, 2171, 2174, 2184, 2185, 2189, 2190, 2195, 2197, 2198, 2199, 2200, 2201, 2203, 2204, 2205, 2206, 2207, 2209, 2216, 2217, 2219, 2220, 2221, 2222, 2225, 2226, 2227, 2228, 2230, 2231, 2232, 2233, 2241, 2242, 2245, 2262, 2263, 2264, 2265, 2266, 2267, 2268, 2269, 2271, 2272, 2291, 2292, 2298, 2299, 2300, 2301, 2302, 2303, 2307, 2319, 2320, 2321, 2322, 2323, 2324, 2330, 2331, 2343, 2344, 2345, 2346, 2348, 2349, 2352, 2353, 2357, 2358, 2359, 2360, 2363, 2364, 2376, 2379, 2380, 2381, 2383, 2384, 2395, 2396, 2397, 2398, 2399, 2400, 2401, 2406, 2407, 2408, 2409, 2410, 2415, 2416, 2417, 2418, 2420, 2429, 2430], "summary": {"covered_lines": 867, "num_statements": 905, "percent_covered": 95.8011049723757, "percent_covered_display": "96", "missing_lines": 38, "excluded_lines": 0, "percent_statements_covered": 95.8011049723757, "percent_statements_covered_display": "96"}, "missing_lines": [93, 196, 197, 198, 199, 200, 213, 214, 231, 232, 278, 279, 424, 479, 481, 663, 946, 968, 1075, 1076, 1120, 1167, 1192, 1401, 1402, 1453, 1522, 1612, 1613, 1842, 2014, 2053, 2058, 2061, 2086, 2157, 2158, 2223], "excluded_lines": [], "start_line": 1}}}, "src/mcp_stdio/token_store.py": {"executed_lines": [11, 13, 14, 15, 16, 17, 18, 19, 20, 21, 22, 23, 24, 27, 28, 31, 32, 35, 41, 45, 48, 70, 71, 72, 73, 74, 75, 76, 77, 83, 85, 86, 92, 96, 97, 98, 99, 101, 102, 103, 106, 107, 110, 111, 112, 113, 114, 116, 117, 118, 120, 121, 122, 126, 128, 130, 134, 139, 142, 150, 151, 152, 153, 160, 161, 162, 163, 164, 170, 175, 182, 183, 186, 187, 188, 189, 190, 191, 194, 207, 208, 209, 215, 216, 219, 225, 226, 227, 228, 238, 239, 240, 241, 242, 243, 244, 247, 250, 252, 259, 260, 261, 262, 266, 267, 268, 269, 270, 271, 272, 283, 284, 289, 291, 292, 293, 294, 295, 296, 301, 302, 303, 304, 313, 314, 315, 316, 318, 319, 320, 321, 324, 333, 345, 346, 347, 360, 361, 362, 374, 375, 376, 377, 378, 379, 380, 381, 384, 385, 391, 392, 393, 396, 397, 400, 417, 421, 427, 428, 434, 435, 436, 437, 438, 439, 440, 441, 442, 443, 444, 447, 451, 452, 453, 454, 456, 457, 458, 461, 462, 471, 474, 475, 476, 481, 482, 483, 490, 491, 492, 493, 496, 497, 498, 499, 504, 506, 507, 510, 512, 520, 523, 530, 531, 532, 533, 534, 535, 536, 537, 538, 541, 548, 549, 554, 558, 559, 563, 568, 580, 581, 582, 583, 584, 590, 591, 592, 595, 597, 598, 599, 600, 605, 610, 611, 614, 615, 616, 617, 618, 619, 627, 634, 636, 637, 638, 639, 643, 648, 649, 650, 651, 652, 653, 654, 655, 656, 657, 662], "summary": {"covered_lines": 259, "num_statements": 289, "percent_covered": 89.61937716262976, "percent_covered_display": "90", "missing_lines": 30, "excluded_lines": 0, "percent_statements_covered": 89.61937716262976, "percent_statements_covered_display": "90"}, "missing_lines": [171, 172, 184, 185, 217, 218, 245, 246, 305, 306, 382, 383, 386, 388, 389, 390, 445, 446, 494, 495, 500, 502, 508, 509, 513, 514, 516, 517, 518, 519], "excluded_lines": [], "functions": {"_normalize_key": {"executed_lines": [70, 71, 72, 73, 74, 75, 76, 77, 83, 85, 86, 92, 96, 97, 98, 99, 101, 102, 103], "summary": {"covered_lines": 19, "num_statements": 19, "percent_covered": 100.0, "percent_covered_display": "100", "missing_lines": 0, "excluded_lines": 0, "percent_statements_covered": 100.0, "percent_statements_covered_display": "100"}, "missing_lines": [], "excluded_lines": [], "start_line": 48}, "_ensure_store_dir": {"executed_lines": [150, 151, 152, 153, 160, 161, 162, 163, 164, 170], "summary": {"covered_lines": 10, "num_statements": 12, "percent_covered": 83.33333333333333, "percent_covered_display": "83", "missing_lines": 2, "excluded_lines": 0, "percent_statements_covered": 83.33333333333333, "percent_statements_covered_display": "83"}, "missing_lines": [171, 172], "excluded_lines": [], "start_line": 142}, "_read_legacy_data": {"executed_lines": [182, 183, 186, 187, 188, 189, 190, 191], "summary": {"covered_lines": 8, "num_statements": 10, "percent_covered": 80.0, "percent_covered_display": "80", "missing_lines": 2, "excluded_lines": 0, "percent_statements_covered": 80.0, "percent_statements_covered_display": "80"}, "missing_lines": [184, 185], "excluded_lines": [], "start_line": 175}, "_migrate_legacy_store": {"executed_lines": [207, 208, 209, 215, 216, 219, 225, 226, 227, 228, 238, 239, 240, 241, 242, 243, 244, 247, 250, 252, 259, 260, 261, 262, 266, 267, 268, 269, 270, 271, 272, 283, 284, 289, 291, 292, 293, 294, 295, 296, 301, 302, 303, 304, 313, 314, 315, 316, 318, 319, 320, 321], "summary": {"covered_lines": 52, "num_statements": 58, "percent_covered": 89.65517241379311, "percent_covered_display": "90", "missing_lines": 6, "excluded_lines": 0, "percent_statements_covered": 89.65517241379311, "percent_statements_covered_display": "90"}, "missing_lines": [217, 218, 245, 246, 305, 306], "excluded_lines": [], "start_line": 194}, "_read_store": {"executed_lines": [345, 346, 347, 360, 361, 362, 374, 375, 376, 377, 378, 379, 380, 381, 384, 385, 391, 392, 393, 396, 397], "summary": {"covered_lines": 21, "num_statements": 27, "percent_covered": 77.77777777777777, "percent_covered_display": "78", "missing_lines": 6, "excluded_lines": 0, "percent_statements_covered": 77.77777777777777, "percent_statements_covered_display": "78"}, "missing_lines": [382, 383, 386, 388, 389, 390], "excluded_lines": [], "start_line": 333}, "_write_store": {"executed_lines": [417, 421, 427, 428, 434, 435, 436, 437, 438, 439, 440, 441, 442, 443, 444, 447, 451, 452, 453, 454, 456, 457, 458], "summary": {"covered_lines": 23, "num_statements": 25, "percent_covered": 92.0, "percent_covered_display": "92", "missing_lines": 2, "excluded_lines": 0, "percent_statements_covered": 92.0, "percent_statements_covered_display": "92"}, "missing_lines": [445, 446], "excluded_lines": [], "start_line": 400}, "_store_lock": {"executed_lines": [471, 474, 475, 476, 481, 482, 483, 490, 491, 492, 493, 496, 497, 498, 499, 504, 506, 507, 510, 512, 520], "summary": {"covered_lines": 21, "num_statements": 33, "percent_covered": 63.63636363636363, "percent_covered_display": "64", "missing_lines": 12, "excluded_lines": 0, "percent_statements_covered": 63.63636363636363, "percent_statements_covered_display": "64"}, "missing_lines": [494, 495, 500, 502, 508, 509, 513, 514, 516, 517, 518, 519], "excluded_lines": [], "start_line": 462}, "load_token": {"executed_lines": [530, 531, 532, 533, 534, 535, 536, 537, 538, 541, 548, 549, 554, 558, 559, 563, 568, 580, 581, 582, 583, 584, 590, 591, 592], "summary": {"covered_lines": 25, "num_statements": 25, "percent_covered": 100.0, "percent_covered_display": "100", "missing_lines": 0, "excluded_lines": 0, "percent_statements_covered": 100.0, "percent_statements_covered_display": "100"}, "missing_lines": [], "excluded_lines": [], "start_line": 523}, "save_token": {"executed_lines": [597, 598, 599, 600, 605, 610, 611, 614, 615, 616, 617, 618, 619, 627], "summary": {"covered_lines": 14, "num_statements": 14, "percent_covered": 100.0, "percent_covered_display": "100", "missing_lines": 0, "excluded_lines": 0, "percent_statements_covered": 100.0, "percent_statements_covered_display": "100"}, "missing_lines": [], "excluded_lines": [], "start_line": 595}, "delete_token": {"executed_lines": [636, 637, 638, 639, 643, 648, 649, 650, 651, 652, 653, 654, 655, 656, 657, 662], "summary": {"covered_lines": 16, "num_statements": 16, "percent_covered": 100.0, "percent_covered_display": "100", "missing_lines": 0, "excluded_lines": 0, "percent_statements_covered": 100.0, "percent_statements_covered_display": "100"}, "missing_lines": [], "excluded_lines": [], "start_line": 634}, "": {"executed_lines": [11, 13, 14, 15, 16, 17, 18, 19, 20, 21, 22, 23, 24, 27, 28, 31, 32, 35, 41, 45, 48, 106, 107, 110, 111, 112, 113, 114, 116, 117, 118, 120, 121, 122, 126, 128, 130, 134, 139, 142, 175, 194, 324, 333, 400, 461, 462, 523, 595, 634], "summary": {"covered_lines": 50, "num_statements": 50, "percent_covered": 100.0, "percent_covered_display": "100", "missing_lines": 0, "excluded_lines": 0, "percent_statements_covered": 100.0, "percent_statements_covered_display": "100"}, "missing_lines": [], "excluded_lines": [], "start_line": 1}}, "classes": {"TokenData": {"executed_lines": [], "summary": {"covered_lines": 0, "num_statements": 0, "percent_covered": 100.0, "percent_covered_display": "100", "missing_lines": 0, "excluded_lines": 0, "percent_statements_covered": 100.0, "percent_statements_covered_display": "100"}, "missing_lines": [], "excluded_lines": [], "start_line": 107}, "_StoreUnreadable": {"executed_lines": [], "summary": {"covered_lines": 0, "num_statements": 0, "percent_covered": 100.0, "percent_covered_display": "100", "missing_lines": 0, "excluded_lines": 0, "percent_statements_covered": 100.0, "percent_statements_covered_display": "100"}, "missing_lines": [], "excluded_lines": [], "start_line": 324}, "": {"executed_lines": [11, 13, 14, 15, 16, 17, 18, 19, 20, 21, 22, 23, 24, 27, 28, 31, 32, 35, 41, 45, 48, 70, 71, 72, 73, 74, 75, 76, 77, 83, 85, 86, 92, 96, 97, 98, 99, 101, 102, 103, 106, 107, 110, 111, 112, 113, 114, 116, 117, 118, 120, 121, 122, 126, 128, 130, 134, 139, 142, 150, 151, 152, 153, 160, 161, 162, 163, 164, 170, 175, 182, 183, 186, 187, 188, 189, 190, 191, 194, 207, 208, 209, 215, 216, 219, 225, 226, 227, 228, 238, 239, 240, 241, 242, 243, 244, 247, 250, 252, 259, 260, 261, 262, 266, 267, 268, 269, 270, 271, 272, 283, 284, 289, 291, 292, 293, 294, 295, 296, 301, 302, 303, 304, 313, 314, 315, 316, 318, 319, 320, 321, 324, 333, 345, 346, 347, 360, 361, 362, 374, 375, 376, 377, 378, 379, 380, 381, 384, 385, 391, 392, 393, 396, 397, 400, 417, 421, 427, 428, 434, 435, 436, 437, 438, 439, 440, 441, 442, 443, 444, 447, 451, 452, 453, 454, 456, 457, 458, 461, 462, 471, 474, 475, 476, 481, 482, 483, 490, 491, 492, 493, 496, 497, 498, 499, 504, 506, 507, 510, 512, 520, 523, 530, 531, 532, 533, 534, 535, 536, 537, 538, 541, 548, 549, 554, 558, 559, 563, 568, 580, 581, 582, 583, 584, 590, 591, 592, 595, 597, 598, 599, 600, 605, 610, 611, 614, 615, 616, 617, 618, 619, 627, 634, 636, 637, 638, 639, 643, 648, 649, 650, 651, 652, 653, 654, 655, 656, 657, 662], "summary": {"covered_lines": 259, "num_statements": 289, "percent_covered": 89.61937716262976, "percent_covered_display": "90", "missing_lines": 30, "excluded_lines": 0, "percent_statements_covered": 89.61937716262976, "percent_statements_covered_display": "90"}, "missing_lines": [171, 172, 184, 185, 217, 218, 245, 246, 305, 306, 382, 383, 386, 388, 389, 390, 445, 446, 494, 495, 500, 502, 508, 509, 513, 514, 516, 517, 518, 519], "excluded_lines": [], "start_line": 1}}}}, "totals": {"covered_lines": 1902, "num_statements": 1993, "percent_covered": 95.43401906673357, "percent_covered_display": "95", "missing_lines": 91, "excluded_lines": 0, "percent_statements_covered": 95.43401906673357, "percent_statements_covered_display": "95"}}